<?xml version="1.0" encoding="UTF-8"?>
<!-- Generated by org.testng.reporters.JUnitXMLReporter -->
<testsuite ignored="0" hostname="LAPTOP-GN95KBLC" failures="0" tests="3" name="Surefire test" time="5.253" errors="0" timestamp="2026-03-17T14:58:11 ICT">
  <testcase classname="tests.FlakySimulationTest" name="testFlakyScenario" time="0.008">
    <skipped/>
  </testcase> <!-- testFlakyScenario -->
  <testcase classname="tests.FlakySimulationTest" name="testFlakyScenario" time="0.001">
    <skipped/>
  </testcase> <!-- testFlakyScenario -->
  <testcase classname="tests.FlakySimulationTest" name="testFlakyScenario" time="0.001"/>
</testsuite> <!-- Surefire test -->
