<?xml version="1.0" encoding="UTF-8"?>
<!-- Generated by org.testng.reporters.JUnitXMLReporter -->
<testsuite ignored="5" hostname="LAPTOP-GN95KBLC" failures="0" tests="5" name="LoginTests" time="12.192" errors="0" timestamp="2026-03-17T14:48:32 ICT">
  <testcase classname="tests.LoginDDTTest" name="testLoginNegative" time="0.597"/>
  <testcase classname="tests.LoginDDTTest" name="testLoginNegative" time="1.038"/>
  <testcase classname="tests.LoginDDTTest" name="testLoginNegative" time="0.438"/>
  <testcase classname="tests.LoginDDTTest" name="testLoginNegative" time="0.387"/>
  <testcase classname="tests.LoginDDTTest" name="testLoginNegative" time="0.442"/>
  <testcase classname="tests.LoginTest" name="testLoginWrongPassword" time="0.0">
    <ignored/>
  </testcase> <!-- testLoginWrongPassword -->
  <testcase classname="tests.LoginDDTTest" name="testLoginSmoke" time="0.0">
    <ignored/>
  </testcase> <!-- testLoginSmoke -->
  <testcase classname="tests.LoginTest" name="testLockedOutUser" time="0.0">
    <ignored/>
  </testcase> <!-- testLockedOutUser -->
  <testcase classname="tests.LoginTest" name="testLoginEmptyUsername" time="0.0">
    <ignored/>
  </testcase> <!-- testLoginEmptyUsername -->
  <testcase classname="tests.LoginTest" name="testLoginSuccess" time="0.0">
    <ignored/>
  </testcase> <!-- testLoginSuccess -->
</testsuite> <!-- LoginTests -->
