<?xml version="1.0" encoding="UTF-8"?>
<!-- Generated by org.testng.reporters.JUnitXMLReporter -->
<testsuite ignored="0" hostname="LAPTOP-GN95KBLC" failures="0" tests="12" name="LoginTests" time="25.775" errors="0" timestamp="2026-03-31T13:42:25 ICT">
  <testcase classname="tests.LoginTest" name="testLoginEmptyUsername" time="0.977"/>
  <testcase classname="tests.LoginTest" name="testLockedOutUser" time="1.904"/>
  <testcase classname="tests.LoginTest" name="testLoginSuccess" time="2.047"/>
  <testcase classname="tests.LoginTest" name="testLoginWrongPassword" time="3.145"/>
  <testcase classname="tests.LoginDDTTest" name="testLoginNegative" time="2.132"/>
  <testcase classname="tests.LoginDDTTest" name="testLoginSmoke" time="1.748"/>
  <testcase classname="tests.LoginDDTTest" name="testLoginSmoke" time="1.811"/>
  <testcase classname="tests.LoginDDTTest" name="testLoginNegative" time="1.433"/>
  <testcase classname="tests.LoginDDTTest" name="testLoginNegative" time="1.886"/>
  <testcase classname="tests.LoginDDTTest" name="testLoginNegative" time="1.517"/>
  <testcase classname="tests.LoginDDTTest" name="testLoginSmoke" time="7.049"/>
  <testcase classname="tests.LoginDDTTest" name="testLoginNegative" time="1.448"/>
</testsuite> <!-- LoginTests -->
