<?xml version="1.0" encoding="UTF-8"?>
<!-- Generated by org.testng.reporters.JUnitReportReporter -->
<testsuite hostname="LAPTOP-GN95KBLC" failures="0" tests="5" name="tests.LoginDDTTest" time="11.398" errors="0" timestamp="2026-03-17T14:48:33 ICT" skipped="0">
  <testcase classname="tests.LoginDDTTest" name="testLoginNegative" time="2.319"/>
  <testcase classname="tests.LoginDDTTest" name="testLoginNegative" time="2.957"/>
  <testcase classname="tests.LoginDDTTest" name="testLoginNegative" time="1.614"/>
  <testcase classname="tests.LoginDDTTest" name="testLoginNegative" time="1.917"/>
  <testcase classname="tests.LoginDDTTest" name="testLoginNegative" time="2.591"/>
</testsuite> <!-- tests.LoginDDTTest -->
