<?xml version="1.0" encoding="UTF-8"?>
<!-- Generated by org.testng.reporters.JUnitReportReporter -->
<testsuite hostname="LAPTOP-GN95KBLC" failures="0" tests="3" name="tests.FlakySimulationTest" time="4.689" errors="0" timestamp="2026-03-31T13:42:29 ICT" skipped="2">
  <testcase classname="tests.FlakySimulationTest" name="testFlakyScenario" time="1.609">
    <skipped/>
  </testcase> <!-- testFlakyScenario -->
  <testcase classname="tests.FlakySimulationTest" name="testFlakyScenario" time="1.591">
    <skipped/>
  </testcase> <!-- testFlakyScenario -->
  <testcase classname="tests.FlakySimulationTest" name="testFlakyScenario" time="1.489"/>
</testsuite> <!-- tests.FlakySimulationTest -->
