<?xml version="1.0" encoding="UTF-8"?>
<!-- Generated by org.testng.reporters.JUnitReportReporter -->
<testsuite hostname="LAPTOP-GN95KBLC" failures="0" tests="4" name="tests.CartTest" time="14.878" errors="0" timestamp="2026-03-17T14:46:20 ICT" skipped="0">
  <testcase classname="tests.CartTest" name="testRemoveItemFromCart" time="7.436"/>
  <testcase classname="tests.CartTest" name="testCartHasItem" time="2.503"/>
  <testcase classname="tests.CartTest" name="testFluentInterface" time="2.149"/>
  <testcase classname="tests.CartTest" name="testAddItemToCart" time="2.790"/>
</testsuite> <!-- tests.CartTest -->
