<?xml version="1.0" encoding="UTF-8"?>
<!-- Generated by org.testng.reporters.JUnitReportReporter -->
<testsuite hostname="LAPTOP-GN95KBLC" failures="0" tests="3" name="tests.FlakySimulationTest" time="5.208" errors="0" timestamp="2026-03-17T14:58:11 ICT" skipped="2">
  <testcase classname="tests.FlakySimulationTest" name="testFlakyScenario" time="1.165"/>
  <testcase classname="tests.FlakySimulationTest" name="testFlakyScenario" time="1.670">
    <skipped/>
  </testcase> <!-- testFlakyScenario -->
  <testcase classname="tests.FlakySimulationTest" name="testFlakyScenario" time="2.373">
    <skipped/>
  </testcase> <!-- testFlakyScenario -->
</testsuite> <!-- tests.FlakySimulationTest -->
