<?xml version="1.0" encoding="UTF-8"?>
<!-- Generated by org.testng.reporters.JUnitReportReporter -->
<testsuite hostname="LAPTOP-GN95KBLC" failures="0" tests="4" name="tests.LoginTest" time="9.085" errors="0" timestamp="2026-03-17T14:51:42 ICT" skipped="0">
  <testcase classname="tests.LoginTest" name="testLockedOutUser" time="2.119"/>
  <testcase classname="tests.LoginTest" name="testLoginEmptyUsername" time="2.036"/>
  <testcase classname="tests.LoginTest" name="testLoginSuccess" time="2.158"/>
  <testcase classname="tests.LoginTest" name="testLoginWrongPassword" time="2.772"/>
</testsuite> <!-- tests.LoginTest -->
