<?xml version="1.0" encoding="UTF-8"?>
<!-- Generated by org.testng.reporters.JUnitReportReporter -->
<testsuite hostname="LAPTOP-GN95KBLC" failures="0" tests="8" name="tests.LoginDDTTest" time="36.163" errors="0" timestamp="2026-03-31T13:42:29 ICT" skipped="0">
  <testcase classname="tests.LoginDDTTest" name="testLoginSmoke" time="8.894"/>
  <testcase classname="tests.LoginDDTTest" name="testLoginSmoke" time="3.923"/>
  <testcase classname="tests.LoginDDTTest" name="testLoginSmoke" time="3.270"/>
  <testcase classname="tests.LoginDDTTest" name="testLoginNegative" time="4.401"/>
  <testcase classname="tests.LoginDDTTest" name="testLoginNegative" time="3.369"/>
  <testcase classname="tests.LoginDDTTest" name="testLoginNegative" time="3.929"/>
  <testcase classname="tests.LoginDDTTest" name="testLoginNegative" time="4.302"/>
  <testcase classname="tests.LoginDDTTest" name="testLoginNegative" time="4.075"/>
</testsuite> <!-- tests.LoginDDTTest -->
