<?xml version="1.0" encoding="UTF-8"?>
<!-- Generated by org.testng.reporters.JUnitReportReporter -->
<testsuite hostname="LAPTOP-GN95KBLC" failures="0" tests="4" name="tests.LoginTest" time="23.637" errors="0" timestamp="2026-03-31T13:42:29 ICT" skipped="0">
  <testcase classname="tests.LoginTest" name="testLockedOutUser" time="7.538"/>
  <testcase classname="tests.LoginTest" name="testLoginSuccess" time="6.095"/>
  <testcase classname="tests.LoginTest" name="testLoginEmptyUsername" time="4.953"/>
  <testcase classname="tests.LoginTest" name="testLoginWrongPassword" time="5.051"/>
</testsuite> <!-- tests.LoginTest -->
