<?xml version="1.0" encoding="UTF-8"?>
<!-- Generated by org.testng.reporters.JUnitReportReporter -->
<testsuite hostname="LAPTOP-GN95KBLC" failures="0" tests="6" name="tests.UserLoginTest" time="13.486" errors="0" timestamp="2026-03-17T14:50:54 ICT" skipped="0">
  <testcase classname="tests.UserLoginTest" name="testLoginFromJson" time="2.101"/>
  <testcase classname="tests.UserLoginTest" name="testLoginFromJson" time="2.195"/>
  <testcase classname="tests.UserLoginTest" name="testLoginFromJson" time="2.677"/>
  <testcase classname="tests.UserLoginTest" name="testFakerDataGeneration" time="1.715"/>
  <testcase classname="tests.UserLoginTest" name="testLoginFromJson" time="2.792"/>
  <testcase classname="tests.UserLoginTest" name="testLoginFromJson" time="2.006"/>
</testsuite> <!-- tests.UserLoginTest -->
